<?xml version="1.0" encoding="UTF-8"?>
<testng-results ignored="0" total="3" passed="2" failed="1" skipped="0">
  <reporter-output>
  </reporter-output>
  <suite started-at="2025-01-02T21:22:40 IST" name="RegressionSuite" finished-at="2025-01-02T21:23:08 IST" duration-ms="28439">
    <groups>
    </groups>
    <test started-at="2025-01-02T21:22:40 IST" name="Test" finished-at="2025-01-02T21:23:08 IST" duration-ms="28439">
      <class name="com.divsly.testcases.TC_LoginPageTest">
        <test-method is-config="true" signature="setup()[pri:0, instance:com.divsly.testcases.TC_LoginPageTest@6ff29830]" started-at="2025-01-02T21:22:34 IST" name="setup" finished-at="2025-01-02T21:22:40 IST" duration-ms="5282" status="PASS">
          <reporter-output>
          </reporter-output>
        </test-method> <!-- setup -->
        <test-method is-config="true" signature="createParentTree()[pri:0, instance:com.divsly.testcases.TC_LoginPageTest@6ff29830]" started-at="2025-01-02T21:22:40 IST" name="createParentTree" finished-at="2025-01-02T21:22:40 IST" duration-ms="5" status="PASS">
          <reporter-output>
          </reporter-output>
        </test-method> <!-- createParentTree -->
        <test-method signature="userLogin()[pri:1, instance:com.divsly.testcases.TC_LoginPageTest@6ff29830]" started-at="2025-01-02T21:22:40 IST" name="userLogin" finished-at="2025-01-02T21:22:55 IST" duration-ms="15083" status="PASS">
          <reporter-output>
          </reporter-output>
        </test-method> <!-- userLogin -->
        <test-method is-config="true" signature="closeChildNode(org.testng.ITestResult)[pri:0, instance:com.divsly.testcases.TC_LoginPageTest@6ff29830]" started-at="2025-01-02T21:22:55 IST" name="closeChildNode" finished-at="2025-01-02T21:22:55 IST" duration-ms="5" status="PASS">
          <params>
            <param index="0">
              <value>
                <![CDATA[[TestResult name=userLogin status=SUCCESS method=TC_LoginPageTest.userLogin()[pri:1, instance:com.divsly.testcases.TC_LoginPageTest@6ff29830] output={null}]]]>
              </value>
            </param>
          </params>
          <reporter-output>
          </reporter-output>
        </test-method> <!-- closeChildNode -->
        <test-method signature="invaliduserLogin()[pri:2, instance:com.divsly.testcases.TC_LoginPageTest@6ff29830]" started-at="2025-01-02T21:22:55 IST" name="invaliduserLogin" finished-at="2025-01-02T21:23:07 IST" duration-ms="12131" status="PASS">
          <reporter-output>
          </reporter-output>
        </test-method> <!-- invaliduserLogin -->
        <test-method is-config="true" signature="closeChildNode(org.testng.ITestResult)[pri:0, instance:com.divsly.testcases.TC_LoginPageTest@6ff29830]" started-at="2025-01-02T21:23:07 IST" name="closeChildNode" finished-at="2025-01-02T21:23:07 IST" duration-ms="8" status="PASS">
          <params>
            <param index="0">
              <value>
                <![CDATA[[TestResult name=invaliduserLogin status=SUCCESS method=TC_LoginPageTest.invaliduserLogin()[pri:2, instance:com.divsly.testcases.TC_LoginPageTest@6ff29830] output={null}]]]>
              </value>
            </param>
          </params>
          <reporter-output>
          </reporter-output>
        </test-method> <!-- closeChildNode -->
        <test-method signature="invalidEmailIdLogin()[pri:3, instance:com.divsly.testcases.TC_LoginPageTest@6ff29830]" started-at="2025-01-02T21:23:07 IST" name="invalidEmailIdLogin" finished-at="2025-01-02T21:23:08 IST" duration-ms="1131" status="FAIL">
          <exception class="java.lang.AssertionError">
            <message>
              <![CDATA[expected [false] but found [true]]]>
            </message>
            <full-stacktrace>
              <![CDATA[java.lang.AssertionError: expected [false] but found [true]
at org.testng.Assert.fail(Assert.java:111)
at org.testng.Assert.failNotEquals(Assert.java:1578)
at org.testng.Assert.assertFalse(Assert.java:79)
at org.testng.Assert.assertFalse(Assert.java:89)
at com.divsly.testcases.TC_LoginPageTest.invalidEmailIdLogin(TC_LoginPageTest.java:63)
at java.base/jdk.internal.reflect.DirectMethodHandleAccessor.invoke(DirectMethodHandleAccessor.java:103)
at java.base/java.lang.reflect.Method.invoke(Method.java:580)
at org.testng.internal.invokers.MethodInvocationHelper.invokeMethod(MethodInvocationHelper.java:141)
at org.testng.internal.invokers.TestInvoker.invokeMethod(TestInvoker.java:686)
at org.testng.internal.invokers.TestInvoker.invokeTestMethod(TestInvoker.java:230)
at org.testng.internal.invokers.MethodRunner.runInSequence(MethodRunner.java:63)
at org.testng.internal.invokers.TestInvoker$MethodInvocationAgent.invoke(TestInvoker.java:992)
at org.testng.internal.invokers.TestInvoker.invokeTestMethods(TestInvoker.java:203)
at org.testng.internal.invokers.TestMethodWorker.invokeTestMethods(TestMethodWorker.java:154)
at org.testng.internal.invokers.TestMethodWorker.run(TestMethodWorker.java:134)
at java.base/java.util.ArrayList.forEach(ArrayList.java:1597)
at org.testng.TestRunner.privateRun(TestRunner.java:739)
at org.testng.TestRunner.run(TestRunner.java:614)
at org.testng.SuiteRunner.runTest(SuiteRunner.java:421)
at org.testng.SuiteRunner.runSequentially(SuiteRunner.java:413)
at org.testng.SuiteRunner.privateRun(SuiteRunner.java:373)
at org.testng.SuiteRunner.run(SuiteRunner.java:312)
at org.testng.SuiteRunnerWorker.runSuite(SuiteRunnerWorker.java:52)
at org.testng.SuiteRunnerWorker.run(SuiteRunnerWorker.java:95)
at org.testng.TestNG.runSuitesSequentially(TestNG.java:1274)
at org.testng.TestNG.runSuitesLocally(TestNG.java:1208)
at org.testng.TestNG.runSuites(TestNG.java:1112)
at org.testng.TestNG.run(TestNG.java:1079)
at org.testng.remote.AbstractRemoteTestNG.run(AbstractRemoteTestNG.java:115)
at org.testng.remote.RemoteTestNG.initAndRun(RemoteTestNG.java:293)
at org.testng.remote.RemoteTestNG.main(RemoteTestNG.java:91)
]]>
            </full-stacktrace>
          </exception> <!-- java.lang.AssertionError -->
          <reporter-output>
          </reporter-output>
        </test-method> <!-- invalidEmailIdLogin -->
        <test-method is-config="true" signature="closeChildNode(org.testng.ITestResult)[pri:0, instance:com.divsly.testcases.TC_LoginPageTest@6ff29830]" started-at="2025-01-02T21:23:08 IST" name="closeChildNode" finished-at="2025-01-02T21:23:08 IST" duration-ms="2" status="PASS">
          <params>
            <param index="0">
              <value>
                <![CDATA[[TestResult name=invalidEmailIdLogin status=FAILURE method=TC_LoginPageTest.invalidEmailIdLogin()[pri:3, instance:com.divsly.testcases.TC_LoginPageTest@6ff29830] output={null}]]]>
              </value>
            </param>
          </params>
          <reporter-output>
          </reporter-output>
        </test-method> <!-- closeChildNode -->
        <test-method is-config="true" signature="tearDown()[pri:0, instance:com.divsly.testcases.TC_LoginPageTest@6ff29830]" started-at="2025-01-02T21:23:08 IST" name="tearDown" finished-at="2025-01-02T21:23:10 IST" duration-ms="2290" status="PASS">
          <reporter-output>
          </reporter-output>
        </test-method> <!-- tearDown -->
      </class> <!-- com.divsly.testcases.TC_LoginPageTest -->
    </test> <!-- Test -->
  </suite> <!-- RegressionSuite -->
</testng-results>
